-------------------------------------------------------------------------------
Test set: ExampleTest
-------------------------------------------------------------------------------
Tests run: 1, Failures: 1, Errors: 0, Skipped: 0, Time elapsed: 0.266 s <<< FAILURE! - in ExampleTest
testExample(ExampleTest)  Time elapsed: 0.008 s  <<< FAILURE!
java.lang.AssertionError: expected [true] but found [false]
	at ExampleTest.testExample(ExampleTest.java:10)

